c:\users\андрей\desktop\client_sever\tcp клиент\client\client\debug\vc141.pdb
c:\users\андрей\desktop\client_sever\tcp клиент\client\client\debug\vc141.idb
c:\users\андрей\desktop\client_sever\tcp клиент\client\client\debug\main.obj
c:\users\андрей\desktop\client_sever\tcp клиент\client\debug\client.exe
c:\users\андрей\desktop\client_sever\tcp клиент\client\debug\client.ilk
c:\users\андрей\desktop\client_sever\tcp клиент\client\debug\client.pdb
e:\projects\vs\tcp клиент\client\client\debug\main.obj
e:\projects\vs\tcp клиент\client\client\debug\vc120.idb
e:\projects\vs\tcp клиент\client\client\debug\vc140.idb
e:\projects\vs\tcp клиент\client\client\debug\vc141.idb
e:\projects\vs\tcp клиент\client\client\debug\vc120.pdb
e:\projects\vs\tcp клиент\client\client\debug\vc140.pdb
e:\projects\vs\tcp клиент\client\client\debug\vc141.pdb
e:\projects\vs\tcp клиент\client\client\debug\client.tlog\cl.command.1.tlog
e:\projects\vs\tcp клиент\client\client\debug\client.tlog\cl.read.1.tlog
e:\projects\vs\tcp клиент\client\client\debug\client.tlog\cl.write.1.tlog
e:\projects\vs\tcp клиент\client\client\debug\client.tlog\link.command.1.tlog
e:\projects\vs\tcp клиент\client\client\debug\client.tlog\link.delete.1.tlog
e:\projects\vs\tcp клиент\client\client\debug\client.tlog\link.read.1.tlog
e:\projects\vs\tcp клиент\client\client\debug\client.tlog\link.write.1.tlog
